22 3156 1883 2915 168 2856 3319 1106 8191 3181 5792 1417 2796 4378 9490 9460 5068 7095 2038 207 2188 5127 7343 
19 303 3276 6159 7430 9951 3398 9429 6989 7216 461 6930 5323 2246 8126 2109 4620 5000 9756 2070 
15 4839 2589 2957 6409 6523 8951 6407 1325 7143 8562 10 613 2816 8734 4022 
12 4094 203 3507 366 4168 7646 363 2868 416 7559 204 2606 
16 1335 19 8426 9144 2112 5660 74 2875 3673 3570 3404 9533 2499 7980 7681 5749 
20 3580 8158 8902 9289 5866 64 4300 691 7829 4159 816 4290 2340 4963 7447 6126 868 7771 9922 4540 
10 1992 1323 4196 69 6425 5351 2077 6402 1441 1880 
19 4377 9256 3938 2686 8298 6716 4834 4293 1875 2438 946 184 941 8905 5618 522 8454 3871 1966 
14 2949 4877 7792 7465 9254 3842 7685 9341 4966 3669 9701 9167 7006 8571 
4 8292 1512 7546 1399 
12 4435 739 9666 6420 9002 645 6597 1785 8443 653 4577 9184 
20 5018 5218 661 4299 8856 2787 4544 9202 8973 8101 353 4714 2693 6495 8738 8887 5270 2872 5788 5048 
18 9913 150 210 102 7636 1494 6672 2948 1960 3967 695 1468 6612 2354 6037 5961 58 6492 
9 5299 3049 892 8351 8146 7277 3194 7642 2053 
18 1209 7108 8034 241 1349 9232 6727 275 83 2633 6774 333 6490 2733 4341 5912 2114 4310 
21 6783 3333 1530 4502 2031 7840 1331 6013 7805 8505 8109 7222 3610 7651 356 1719 7969 9961 6010 1801 9467 
8 2920 9504 4747 1649 8473 6651 5918 9921 
6 84 8227 4023 9618 5412 2620 
11 677 7270 9678 7256 1023 8280 5149 7670 2002 6193 1663 
22 7399 1170 5517 3632 3420 1465 5428 3949 8990 2969 6179 8952 698 6444 3832 4745 4501 8966 3109 4193 8321 7163 
4 2432 9733 2963 2718 
14 3253 666 4953 380 5679 2621 8650 3241 4407 940 3246 1202 1425 2880 
22 9393 1447 8979 41 5712 2754 9392 6163 1302 1531 2281 3308 4330 9247 8067 9480 4982 9597 5570 4298 9971 9850 
15 1178 7034 6705 6537 709 6737 2515 9082 6769 4212 4621 7932 6351 6214 9567 
9 1315 2603 6377 2218 2837 8299 9318 8013 641 
17 1543 3655 4184 318 475 5124 8018 516 4406 2863 2945 4440 3536 2242 2155 8625 9067 
19 7475 7293 7319 284 7442 3051 8742 2673 2667 6331 509 9143 7672 2396 8107 8907 858 1744 4530 
12 1066 2581 9849 1907 3186 8166 3962 3330 6935 5613 1149 1823 
14 4309 7864 873 5564 1891 6235 8177 4912 2197 8528 1007 9854 8174 840 
15 2356 8965 8228 1436 4623 30 3031 4073 3763 619 8525 2022 6278 2830 4695 
11 88 2296 7428 47 6141 7901 2404 4756 4347 9950 6238 
21 8175 7711 3773 9485 266 2937 9165 2355 4213 7715 2156 9592 8428 1071 386 771 1933 654 8744 2795 2993 
10 2571 9820 2742 655 3058 7174 6380 105 1716 4301 
22 7928 7186 2523 9382 5620 7579 6346 8272 8645 7573 1692 5372 4086 8540 7615 3455 7032 2158 3804 3407 60 176 
5 3869 6794 4112 7602 8088 
20 2519 4873 3891 1276 9804 7245 3290 1768 2164 2040 9300 3070 5154 2437 8270 4262 888 7 7241 3644 
10 2135 9046 6239 439 6903 7208 6480 3867 6056 4329 
12 1515 7687 3430 6128 5054 633 9186 7590 5873 9443 7833 9198 
25 6412 3294 2975 7666 8766 9450 611 8504 4593 9062 6197 1911 6375 4688 9571 7798 3920 5035 7336 6624 7955 2318 9690 8648 8897 
22 7965 7455 7585 4686 6764 5783 2059 7191 9812 8798 1810 7231 8345 1753 3660 5195 4102 7973 6632 8497 9058 8308 
19 5440 6654 6304 7102 4245 617 5766 300 1721 987 8027 866 9643 9697 6124 9115 4402 4556 6533 
18 1757 3249 6168 2973 2036 313 7387 8953 2557 6743 8400 1073 8863 5524 6464 750 9294 5179 
20 474 8736 4194 7580 6474 3701 6809 9889 2076 3532 2415 7145 9322 3213 2148 3004 5987 8012 7053 3310 
19 6466 8630 3067 5282 4250 5678 6244 6359 9228 3085 2645 8872 8169 8153 7345 2616 9253 4041 7035 
20 8310 5971 1251 7255 7337 5422 9710 6871 2857 6243 2248 7627 4368 8689 1358 5275 8712 630 4392 7219 
11 5335 1194 482 4202 3112 2751 2844 2721 2582 3733 6246 
18 568 9402 4661 7243 6316 2982 7882 9570 9928 1943 9911 5725 1946 7529 1854 7201 9791 9999 
8 9707 3708 7732 9948 5008 3765 3127 3341 
19 7956 1384 5049 6338 57 7628 942 5082 826 7066 4236 8193 4625 5810 6754 6086 9895 2182 4269 
16 6403 1186 3818 8595 7513 8401 3450 2373 8976 3235 1782 5456 8972 3771 7878 7311 
16 719 2409 3636 7239 9268 2607 2228 9333 5785 3982 6314 3563 5030 3950 2521 5731 
3 187 7435 8967 
17 6252 3038 7364 5701 382 2958 4787 1603 4358 6187 2950 8281 6400 6687 8132 3275 7953 
13 8773 4089 2565 5569 9328 8760 1819 6891 9755 4448 9745 3978 3080 
13 3629 4984 7347 5770 8159 9298 8307 1236 964 7721 5111 2469 4005 
11 5970 477 6875 419 9251 2595 8997 8061 7997 6074 7112 
16 5868 8458 481 956 6352 6356 4007 7912 9858 2260 7604 9054 1203 9155 1383 1140 
18 2695 1609 6164 6718 2934 4409 1324 5695 3439 1004 1264 5692 4964 6325 9170 8839 3084 9336 
17 4525 3546 2422 4863 3414 9138 3261 979 8148 9221 2341 2175 7189 8927 8084 270 3020 
21 9313 8290 5205 4285 5477 6739 8831 8854 9262 5238 458 1504 6140 4340 4660 5956 5728 441 1732 971 2865 
9 1560 7889 4255 4410 7686 1474 1415 7271 2346 
14 4078 1605 6053 3544 6293 2802 6374 5844 2541 9525 1172 9891 2914 20 
7 6031 6634 3054 2771 1509 7315 872 
10 8640 567 7804 9716 9193 3195 8946 6768 9703 4424 
19 7463 7936 1640 511 3663 9199 3785 6268 9667 1461 5664 8841 2785 735 1623 1878 2554 3378 4803 
13 7013 1259 365 6684 7259 3979 6117 4252 7084 4670 4726 2764 1898 
12 6670 9090 9282 3875 4973 1381 4631 8753 9932 5144 5960 4662 
15 7109 5663 3116 7856 1443 6094 1179 8244 6447 5484 6055 3801 6611 1127 1213 
24 6002 6662 1697 5777 2261 761 9923 2984 2095 485 2885 6905 3231 235 9498 467 5349 2980 2257 8558 7144 8333 4813 7374 
3 4008 1227 3202 
16 3696 6615 4764 4605 374 9133 636 2713 5786 7939 1567 5326 9059 6310 6964 5272 
16 2465 8489 4635 1206 7697 7727 5527 2452 1767 2506 4978 8010 8828 3504 8232 4348 
13 9976 1414 6004 2881 8042 4450 1297 5878 2037 6281 3178 5505 6817 
16 4379 6745 8637 9557 6729 6618 6593 9632 1248 6301 3137 3913 5877 9509 8797 8980 
17 3607 696 8892 3108 6771 8187 5690 8860 9027 6460 1787 2933 5233 8565 6432 3911 7044 
21 5497 2324 6155 4225 4782 208 4749 9475 1968 5405 2680 7987 3645 740 5072 1606 5346 8467 6136 1403 7834 
19 9847 6485 8447 1260 3583 6216 6967 4119 7812 4884 7542 9157 9541 7800 1548 570 7358 3745 9792 
18 8878 697 1830 9743 1693 2732 6062 118 2648 2359 2563 6948 7995 4900 8611 1173 900 8163 
21 9752 9166 3572 1313 8219 5012 6584 2119 9836 7817 3173 9302 5102 4218 470 5286 5775 4545 1662 3287 7489 
4 2735 3197 5189 9927 
10 9084 789 1208 538 592 3980 632 1131 9568 8152 
21 7429 7810 1674 4980 7737 32 986 3775 3227 6925 8511 8293 518 2364 2739 3198 3301 9794 452 9432 1837 
10 7657 1784 9503 2216 3879 1319 1622 3419 8561 9642 
24 4090 6189 8715 9830 1508 5656 7203 6422 8300 7562 544 6808 8926 3039 8649 1905 1786 6637 8305 4216 6992 6355 2671 3987 
22 3442 5727 5466 1223 4705 9180 9394 4398 5526 7770 8026 6696 4457 17 6679 7486 7238 8392 5363 1483 5354 9668 
17 5693 817 5890 1655 2825 5169 4433 2938 2479 5804 9083 2876 3023 7300 7617 1680 5592 
18 672 6529 9495 3816 3840 753 9546 1250 2377 5310 8214 1639 8807 7935 1411 4438 7589 4691 
20 6822 5615 3989 1240 7698 9712 5287 3746 8851 6800 6389 6926 6682 4237 8068 7063 5175 7706 1895 9601 
8 4494 7114 368 7339 8099 7547 8958 6960 
17 549 5948 608 8536 164 8529 7068 8638 9881 7857 2034 1822 614 2700 738 9258 2251 
17 9619 1407 1489 5377 6438 5495 2385 9195 8970 2395 9566 1790 9420 9299 6820 5625 7760 
17 1305 7140 5698 6711 950 4493 9265 6946 5219 8815 909 1058 3387 5022 2120 8364 6019 
17 9563 3596 7927 4482 2180 7162 1846 7466 7080 4675 1029 8549 528 1919 8837 1288 5150 
16 6263 3527 3865 7236 1252 9100 120 1660 9379 6974 3613 5568 1373 2974 7979 1808 
22 5192 8149 2143 3866 6475 3789 4639 9964 9496 5221 8450 7566 6810 1435 7723 5796 478 8041 3954 4760 3128 8429 
16 3055 5387 2511 1904 5158 1352 2187 3952 137 3847 9798 6906 2378 2342 9439 6461 
19 1097 6139 5710 3512 984 2304 7425 2290 5123 536 9368 1756 9366 7076 6697 2965 9883 5467 6368 
18 4601 3245 2711 9631 1777 9037 9647 649 8610 7414 3135 4647 4517 7012 3730 3716 8124 1636 
20 9003 5227 2293 2649 354 4063 5100 4491 2023 1539 1688 5284 8569 9218 5741 1361 7244 8964 5894 1207 
17 2247 3236 874 8803 6076 9357 2035 352 7749 4219 2850 1322 2895 75 7181 3626 4354 
12 2015 9815 8791 1913 6089 9019 9312 3223 3658 664 265 8260 
11 4742 8029 3291 5452 2065 8051 1656 4473 6043 6854 9049 
19 700 3918 2230 2399 2382 1845 2745 115 7532 2048 2769 3894 3277 1382 420 1155 2750 4983 108 
11 423 1838 7117 6255 7097 8273 9364 2866 4719 1174 8276 
10 8518 6502 6068 9744 3433 8719 7917 3431 8818 6300 
18 1273 190 1421 5668 6398 5228 5409 4356 6344 163 9908 6578 1566 2911 8365 9217 644 3797 
14 8731 1637 513 4048 7221 3811 912 800 4567 8442 4082 1089 9178 4563 
16 6689 8783 8277 2904 2896 3993 7342 9028 1338 1198 4343 9479 9919 5421 8060 6090 
10 8890 395 3714 684 2728 110 5774 5676 901 2185 
14 9514 3147 7152 6719 2173 5076 2760 5005 8415 4626 1025 1400 182 9296 
20 2720 8932 4084 3475 2470 9842 2665 4331 6587 2330 1598 3761 8218 2478 1749 347 5414 526 2450 4242 
12 7861 1228 6756 9349 5247 5191 6397 1906 6568 418 1788 9876 
18 3090 7156 8370 3105 6749 4938 6512 6484 9980 5708 8136 5582 9428 8197 3935 2331 1927 8825 
20 713 3005 4575 6245 1667 5135 5366 9975 8486 3691 8659 9240 894 8829 5633 5549 3698 3274 4729 1972 
22 6277 9405 3176 6360 7683 8796 9457 7041 9731 1458 4244 4856 7205 6038 4535 7405 6543 2701 1858 307 1043 7002 
9 5934 1438 3461 8448 3906 5267 7477 9234 6544 
19 6901 8557 1588 9696 1550 4957 5433 1746 514 9440 1391 1051 5670 6363 4280 220 2890 4757 8666 
16 6815 1492 4833 9286 7662 1553 397 5608 5556 7708 7099 6175 3943 1703 4484 9648 
19 7070 7612 6741 4875 846 9949 4366 1644 9652 3498 3854 9754 361 5950 1694 4861 6273 391 2658 
15 4679 2663 2776 7411 7344 1779 6319 8264 8495 4176 3153 4271 8777 4474 8572 
10 5445 6404 8978 4011 914 9423 1329 1268 6792 7008 
13 1105 7867 9018 6261 9564 5382 5959 8064 129 1696 2091 1153 1594 
19 2883 2233 8203 718 1111 4880 7282 8220 2121 8446 9607 2268 3212 3300 4974 2367 7667 6890 7705 
16 3817 2297 6886 2126 4327 388 5519 2636 4487 238 9967 2269 1156 9013 9196 1653 
19 9305 2424 4455 5920 3325 6698 2810 2525 2397 2468 8661 5778 8567 7584 5119 6577 3899 2361 587 
19 4059 658 9401 5541 98 7494 8785 9070 3258 8288 1431 5122 3045 9877 1654 3711 1157 4766 1350 
21 1138 8484 3976 435 4028 572 8882 6893 4744 1069 7793 7865 9983 4562 5694 3078 7886 9957 5203 5946 1225 
14 5324 2738 4467 3896 2174 3782 6064 9542 7313 6286 5128 1851 6988 2491 
15 1867 8711 6648 8597 1256 867 1679 6678 7944 4025 160 4737 4599 3931 5817 
11 4758 1113 5214 4064 6563 7284 1901 9958 5893 3048 73 
18 311 3602 3666 982 6196 7479 4384 8485 1299 9208 6181 4899 836 974 2010 7517 7623 8139 
12 6381 5808 7779 3429 5394 5171 7853 4674 2894 2069 480 1367 
20 2917 6150 2539 5621 6026 8671 3482 254 5099 2104 3948 678 2400 6830 5506 3956 3019 3464 5065 8939 
9 6706 2166 2455 5955 7190 5263 7019 1459 1061 
14 7957 4693 9255 2440 6454 9538 6222 2702 1541 6619 2561 4715 3926 1478 
20 769 3409 9320 3490 1580 8682 5453 6762 6882 6674 8741 9767 7130 9086 6027 2030 9437 925 4095 1495 
18 519 7028 8274 6922 4396 9065 7777 7309 9822 3476 736 7326 9780 9683 5980 9413 7348 2098 
22 5717 8425 6206 4246 8419 4658 9410 3759 4879 8014 9584 2513 7149 8516 2189 8532 748 2127 2987 792 8674 5449 
12 4071 3358 5462 3285 2808 3689 4165 7168 5438 7518 955 2211 
7 606 9935 5006 6942 9871 2352 3539 
18 8708 9649 9813 4207 7193 5050 3970 4696 8506 2264 6963 8460 7094 6249 3318 7126 9942 2815 
19 3549 6135 2626 6473 849 6133 1523 5702 249 6824 6436 8242 3352 1068 4579 5826 4926 1336 4054 
12 7499 3540 7355 7488 5268 517 7582 1463 4936 3427 410 302 
16 1776 4706 2681 9628 5182 5511 8575 1557 2981 6297 9056 1395 581 5416 8202 4181 
9 8477 3651 245 533 6575 1232 3205 5031 6610 
11 3307 7198 1995 4703 2212 2294 1446 7480 192 6732 8762 
17 6663 8302 7406 2783 8772 3370 4372 8403 91 2362 8998 6751 4263 6622 9489 6285 234 
18 5235 3257 9806 989 7434 3082 494 6367 1561 754 7021 8524 4464 450 205 3094 9145 7606 
10 5300 5991 3356 495 2186 727 7304 7487 3872 5499 
12 9409 8024 9965 9252 5364 5925 4122 781 3456 8942 1366 5926 
19 8950 4428 9602 9633 3915 6538 6009 1062 7503 8533 6868 3977 5470 8729 1375 132 9365 7826 5248 
21 3167 9347 1142 3375 152 992 6896 6784 2924 949 7724 7872 5278 8140 4547 7497 609 5784 8036 869 4883 
17 563 6927 7096 9962 6579 7301 9912 4211 7194 2580 9739 7302 6791 2579 2249 1726 9472 
18 9679 1406 6804 3066 9042 3190 8412 3099 7691 8857 4106 434 6798 6590 262 4151 1374 8503 
10 768 1734 8040 2167 6601 2919 5622 8869 286 7122 
19 5860 7287 3601 5829 4115 9751 9684 3904 1476 9789 4566 2498 8344 855 6510 1616 6419 6701 5659 
16 8758 128 7196 6066 542 4561 5353 6312 4898 6588 1704 6760 1507 2878 7509 3971 
13 8670 7822 5534 3750 776 3142 2873 451 625 5609 7696 2252 1809 
16 6916 9406 7768 601 1222 7438 5116 3974 1979 5041 1320 7106 3013 3662 6766 5669 
12 9888 7993 3910 1233 5756 6647 1455 9077 8339 6378 8475 2445 
15 6807 4387 2642 6567 7209 9645 6283 396 7515 9639 4470 243 3214 9531 1713 
16 2316 3311 3188 5711 4403 990 3624 8743 6146 3399 4578 556 1894 747 3727 3417 
6 2061 3148 5369 4153 3566 3760 
13 5086 5213 4233 5562 3155 7516 8598 3635 5966 6525 4500 6153 4778 
15 4058 9852 6192 7000 8155 5344 1110 7453 44 7089 9099 2853 8866 4393 1254 
17 4618 3579 965 3717 8940 1294 2979 2790 5709 8186 1317 7288 9091 4076 5840 7157 7202 
14 7929 5358 3362 6999 3757 1420 126 9943 2282 5110 1107 3206 2888 8654 
5 7561 9920 6836 3199 8071 
16 7401 5858 5307 9419 3232 5803 4552 584 4608 6785 8513 4681 7388 605 7251 1084 
10 2384 9438 8416 4453 1590 171 8822 6154 4751 2908 
15 4855 4583 1030 8338 6413 3047 4481 5043 403 2797 7778 319 5026 692 4471 
21 273 7891 1221 7172 3026 1647 6638 7682 4477 4776 5001 959 2345 7024 8669 539 6691 3440 5797 1158 2886 
21 6831 5491 7379 646 2160 2652 8984 7081 5941 6253 670 6423 9384 6318 7400 5930 1760 2704 7283 8216 231 
16 9325 4781 277 3411 3022 233 7178 8692 6171 6773 2545 9119 8634 1708 8238 1958 
2 3444 7948 
9 5769 9864 1628 9135 7278 3524 5764 5301 7809 
18 9140 6123 4164 2605 830 9182 9761 4664 4819 5062 9758 7100 8810 5463 8405 9719 2604 7183 
10 4948 4200 8254 1634 5375 9263 106 8987 6223 8553 
9 8703 1803 6272 1511 1168 7014 2874 8904 7972 
11 117 3640 3368 417 5627 5371 5561 2097 4492 7039 4531 
21 7913 1518 7787 6305 9537 7263 3770 1211 3909 865 1748 2909 2154 5313 449 7419 8623 4680 7597 4203 8301 
7 6695 7020 1564 6710 3615 6101 4027 
11 7040 8262 9556 1986 3936 2625 4589 9898 8802 1285 1293 
12 3855 3990 2657 8285 7934 2653 5279 9478 6104 5919 4488 8934 
12 3371 9985 4720 9464 1146 4614 6545 4640 68 6872 4399 296 
20 8329 6329 4935 7446 2245 2577 5584 8116 8909 1872 7167 2417 67 3902 72 9862 6145 6022 1552 3792 
17 9675 9463 5535 2518 3220 5642 5628 3418 4888 2343 4539 8906 9181 787 1333 5399 2905 
5 6198 5743 7638 1326 5091 
21 9449 5636 1997 1272 7492 6580 9458 8062 9388 9553 3432 7062 414 3707 5754 8461 3769 7845 6867 7954 5077 
19 4307 7398 530 9926 2992 9620 376 5457 8266 7894 7389 8017 1499 3359 3545 8354 4991 9956 2253 
12 375 6849 3354 6645 657 2505 459 9516 1532 4114 3846 1626 
18 1040 6558 2074 6340 4709 883 2057 6406 5139 547 5681 3244 8436 3151 3998 4504 2564 3984 
6 222 2942 5089 975 7312 476 
14 1005 726 1267 1723 8795 1733 8118 1453 8263 2407 6883 5042 274 1956 
10 9550 5303 146 5913 1937 3843 8316 3372 3963 7147 
18 3555 1860 5748 8554 8079 1835 7010 1595 2192 7305 3592 1781 53 7832 2003 784 4363 3458 
9 1135 2612 2882 6396 8387 9807 651 746 8371 
12 3578 4024 9742 3434 7564 408 9142 4881 4000 9591 3809 6096 
8 5424 1372 9267 615 483 4101 4139 2591 
21 4894 3575 457 3795 7884 3477 4713 4497 3465 716 3799 6443 1255 4038 5004 4890 8325 3074 2487 8685 8877 
17 920 2641 1002 4858 2842 6681 8916 6231 5249 5420 8076 1164 7752 9323 2650 5325 8865 
11 9799 3826 9316 1908 4411 9488 5355 7185 8255 7390 6323 
9 2559 7325 8775 9163 7265 3481 4755 764 2145 
22 6541 902 5887 2235 6446 922 3721 2044 8324 993 7456 9612 2206 1924 9230 1624 4919 3234 9664 5190 4676 8441 
10 961 7180 7314 4657 3493 3784 9044 7264 1936 5198 
19 372 4208 1524 9680 1460 7232 823 6251 3247 8038 3556 5801 1253 1836 5677 8751 2746 7307 7814 
19 7952 2123 8309 8133 7382 7246 3169 244 2270 3851 897 4019 5411 5532 2204 5257 2202 1379 3349 
3 3654 5910 8788 
18 24 7320 6208 5650 1239 5603 6865 1392 6306 4198 6014 3897 8592 4783 2258 299 131 635 
18 2869 8020 3317 8816 4869 9872 660 9068 2640 5298 2568 9724 5909 4188 2943 9966 5588 8949 
21 8962 9052 3947 2305 8085 100 9127 3326 4617 7275 1934 7620 1328 2205 7538 5475 5645 8885 4922 1549 8861 
12 4637 9473 1363 6058 8128 4659 853 5579 7187 7592 819 6527 
16 4150 2714 2198 4050 9512 7785 8523 5914 4533 4590 7340 3917 2255 5842 1452 144 
8 6115 1773 4794 9640 1873 4065 7176 7909 
16 3988 5237 1959 1601 3119 3338 6657 4046 285 5880 1034 4754 2493 8322 1185 9555 
18 5885 7329 9078 4107 4318 9576 3393 7984 1197 9882 8160 4012 4067 1229 1890 6500 8633 8893 
6 541 1630 200 498 5156 8306 
10 4143 2536 9627 3739 5241 3685 272 8105 2859 3824 
17 6228 2357 3092 5957 2570 7994 772 7274 4449 2534 7462 1075 7521 5490 8522 8677 5776 
17 622 1984 6669 5212 3565 3453 9134 39 1709 1308 77 8381 8006 548 8684 6700 1301 
17 1833 8055 3510 2132 8615 5170 379 9659 2024 5482 8336 7571 1615 9931 9391 562 4886 
16 6961 4885 3779 9757 9064 2105 952 5632 808 1840 3767 3452 6388 1091 5531 12 
20 29 8209 9469 135 4016 1491 5107 4643 9981 4344 2045 6659 4117 1470 2804 2125 7402 4454 7786 8330 
14 1664 6199 8832 7557 2600 8955 1902 292 7276 1109 2884 4278 4638 1159 
3 55 109 5480 
3 9523 2079 5983 
17 9216 7471 1121 2717 4415 6915 8491 6203 4543 5104 5357 3376 743 1036 7526 9606 5044 
19 9283 4260 4624 7554 7668 66 1631 4503 969 4498 3210 4768 1682 2267 2149 5115 3350 1825 8091 
9 4842 4414 5996 8915 7444 3630 2615 2488 8943 
17 2576 7129 3334 4141 422 3345 294 3895 1393 612 9783 1772 28 1925 1244 8269 2096 
18 4346 1013 8462 3833 7092 3435 3102 175 5550 4773 8688 8383 8749 7978 6667 7031 5461 2321 
12 1888 3608 1016 8764 9941 7718 1351 4946 8900 5410 667 8850 
8 734 7116 6410 3605 8681 832 559 8303 
18 3149 7230 5771 5686 4940 4123 7769 2547 1791 9998 3201 2532 7454 7385 5696 291 3273 5460 
16 7119 8699 9385 2916 4854 2753 4270 6757 2122 3547 5640 2237 1083 9088 2372 8195 
19 4214 3196 442 5347 8421 9242 5374 4105 6904 7587 4312 5512 1026 4222 5936 7242 7349 7950 5055 
20 7862 720 9705 9314 7692 6639 3451 4441 4853 8691 2901 8963 4033 6617 3283 2871 1950 2666 36 1868 
18 157 2538 9845 665 2333 1281 8761 3648 8407 4564 7998 5559 1416 2389 2655 4192 1542 3224 
16 2986 6884 3017 8653 3732 6643 2706 9248 6161 7940 8986 8676 3820 631 1938 790 
20 297 3208 8786 6220 2060 8876 3122 711 1429 3997 1638 2370 9337 1125 5019 7175 5736 6761 729 4296 
15 1978 2436 8346 6430 881 189 7680 6234 6339 3674 1486 3144 4837 6371 148 
6 3103 6658 209 3445 1884 5982 
18 5341 9128 5295 1977 7548 5837 178 425 5105 1448 3182 5651 4442 8427 8215 4931 1120 5874 
17 2912 3758 9874 290 8995 9972 2368 4584 2229 5999 9378 4569 7820 2522 7844 1881 3633 
12 3281 7512 2495 3114 9118 8665 8493 3905 5092 4075 4190 2486 
18 5716 699 493 3554 2635 9492 5187 7759 704 4636 7501 6240 8074 8304 7160 3355 2953 6520 
8 6724 2512 9869 856 2900 7665 9900 8968 
4 957 8376 9559 306 
21 445 627 3068 5626 9171 5674 4400 7729 7873 9073 130 3007 3574 714 7734 5805 5339 5397 6330 8423 5130 
19 3693 5744 7975 3050 3542 1046 4872 4828 52 857 484 7750 6488 304 5384 9448 1385 3914 3780 
5 2020 1024 5425 4003 4887 
19 8395 2838 4109 9105 8989 4585 9209 2930 1182 1942 4857 576 859 1262 4650 5010 5555 2628 9749 
16 2008 2788 6450 4228 9527 4555 4099 5847 3751 5216 322 7591 1648 5726 9271 2353 
19 8406 9452 5540 3191 7211 161 4958 7633 7197 7370 6106 7142 6459 8476 5850 6623 4142 6302 3069 
13 5598 1874 1181 7761 7316 8097 8755 6846 1289 2569 5745 5162 2843 
13 3030 4648 3263 5888 4137 8035 5962 3305 387 6036 6726 515 7773 
22 3471 9137 9012 4920 9654 9116 7253 1263 6956 444 9288 1330 2052 8646 3392 9978 8347 2752 9399 7257 8100 3184 
19 7141 7210 2690 782 5917 4986 4017 3839 40 5610 490 4582 6226 6079 5832 5392 6487 49 9960 
20 8102 5510 9636 3270 5352 4485 1745 1098 230 793 5073 1337 2994 201 6990 4118 4671 7054 5407 9484 
7 8840 2748 9011 3680 2654 886 9377 
11 585 6110 3396 2497 1949 9158 9132 7907 5070 4824 7990 
17 268 842 6951 780 4029 2171 4800 7474 2766 8871 9001 2694 733 1670 3125 7481 9600 
14 4495 6457 206 5699 9795 2250 1529 3595 4632 8680 8732 3485 7756 4968 
24 1353 4546 8574 7876 6742 2731 751 2434 7730 674 4944 929 412 6167 2325 4460 3568 7137 3076 8846 7992 5935 4841 7166 
9 8342 7575 4357 7363 1035 9201 3884 5493 3492 
16 5406 5875 1869 802 3740 4913 967 777 2931 1310 3567 8234 3927 6354 9339 5224 
13 5649 9769 1729 2952 1587 8094 4195 9346 6524 4116 9465 8925 2786 
19 7640 1651 4867 1994 2338 2781 6247 8780 6211 4893 3293 9148 4619 7124 9605 6229 573 7739 4445 
21 1528 8459 248 8823 1963 2999 4786 9604 252 5009 8510 2086 9734 2051 5061 9848 4333 2347 5791 7603 4197 
19 583 7704 2401 8521 8868 4704 6274 5995 9074 8928 9694 5373 8725 6778 5258 8478 4239 2902 7391 
16 2941 8586 3541 5732 2551 9159 6962 9611 4802 153 5396 5607 5215 504 3837 1479 
22 8204 7846 4080 1792 895 1079 8176 3098 7679 862 1715 7091 1501 1832 186 8015 2555 7295 1437 3415 7214 4277 
17 3025 7553 6765 640 2997 5830 369 1048 4559 4809 7018 8969 9653 3087 1462 899 4018 
16 1735 8739 3426 9613 7534 5514 3862 1096 8911 3339 5016 6995 5109 4178 4812 1191 
16 5304 5113 8328 3083 4629 2011 8687 938 5133 357 9955 6733 7520 7930 4972 3762 
14 4829 1365 9177 7169 3657 2043 8237 6292 7368 1572 2336 4678 8235 4077 
16 741 6493 5954 6856 381 8173 7113 1428 9113 1116 3242 3336 9865 1526 6770 8384 
17 5381 8435 1010 6069 9179 708 578 4937 4221 151 3447 3237 6847 6661 8409 1848 5439 
23 9979 3138 5285 497 6182 1686 1886 8151 3062 3623 8164 7764 1466 3269 8289 134 7292 139 3412 1249 9615 1658 3172 
18 8559 6740 8588 5719 2000 9276 5994 3754 3509 4472 4009 7192 2485 6555 1540 4416 6693 9387 
7 6321 2966 8111 9404 1987 7611 3238 
17 3743 3951 2147 4405 7916 2386 9809 4971 8603 3278 9110 5097 1136 3628 9389 6759 1216 
13 9581 4537 3403 4088 9738 9375 3530 9741 8481 78 8048 1574 229 
15 1269 9412 5516 7380 2852 2128 5879 5211 5379 809 9239 5789 2454 7485 1813 
10 6039 2033 8806 1412 3086 2617 5319 1360 140 3945 
10 8520 2928 8835 6021 9190 8546 1045 2179 4734 492 
11 3457 8021 6202 4558 4520 8935 6790 2371 6295 7519 4374 
19 8728 864 5757 6550 7663 7746 7457 4594 3496 9534 5986 3152 2685 124 8417 9126 7593 9953 6606 
14 4687 400 3557 8609 6589 1859 7498 1612 7483 4419 6976 6702 8089 2208 
17 3564 4959 6200 1 348 7558 3798 2989 3075 9994 2923 1291 5217 4765 6227 706 7437 
12 580 8104 7373 4205 2394 9156 3694 6184 1926 3389 8230 4308 
17 6649 2026 428 3594 8259 9481 2314 8827 7924 4055 2546 5722 8526 8349 8723 6390 3533 
17 61 5990 4630 2537 9345 9497 1738 9151 1947 2042 5911 3473 3413 3000 8162 54 1645 
19 4788 6924 2782 267 1245 2613 2320 7629 5567 8843 255 2139 6604 8920 8971 681 5418 8714 6477 
16 5161 9246 4815 8348 6313 5045 7971 7624 8004 5002 3700 9522 3171 2929 4908 8910 
14 6456 1090 3991 977 2207 2209 6081 5684 384 973 4015 8267 5814 6291 
10 8179 5572 7249 3614 3449 1982 2995 4945 4427 4580 
19 6952 9996 1054 4404 4806 5291 3468 9655 6491 5915 5451 4314 3163 1974 525 1056 1575 8501 8607 
14 7877 6747 2118 95 8093 7464 9250 5157 6224 3517 6233 3934 3322 2659 
2 7799 2736 
19 489 5034 9030 3966 2140 6814 7135 2360 659 7830 5176 5587 8049 6823 6675 1092 5177 1085 107 
17 9207 1593 8573 9109 7448 876 121 9482 5188 8627 4486 7599 2405 2475 7776 8908 3637 
7 8184 9524 6969 127 9539 9408 23 
22 8420 2899 7372 2425 4020 8530 1910 1215 4256 9284 4924 5163 6880 8811 4265 5419 7371 3344 7332 8880 7983 9334 
17 8675 2006 1955 951 3502 5853 8804 2240 3621 6386 1464 2851 1611 9211 7426 7946 5798 
16 6424 8323 4761 172 8768 6078 643 1008 215 3079 6712 594 5401 9726 8222 9120 
17 5245 2335 5090 2967 9681 8353 5400 8413 9229 3256 803 6666 4425 7038 4129 7083 5688 
19 6160 315 6265 4666 607 6213 1862 8542 3731 9826 7819 1519 2936 7378 7105 6586 1242 9759 6250 
8 7468 1277 4351 2433 7233 4108 4315 86 
17 1866 5112 7648 7870 3972 8937 9035 2406 9264 1188 3561 202 11 2344 6530 3158 3890 
9 3692 1192 9351 6083 261 5739 9017 7767 5895 
15 8578 6984 6023 6280 7745 5951 4227 7037 3597 2535 6522 8931 4210 1829 3324 
9 9121 8895 1130 7505 1743 9732 2363 1076 7836 
13 1993 7104 7248 8614 8445 595 4006 954 6878 7625 9243 3886 3041 
19 3239 8848 1218 3585 6392 2181 3366 9273 2543 5033 3466 5329 2309 4272 1882 8201 5266 143 1731 
10 9901 7357 364 9358 1525 3525 2226 7828 4542 3522 
10 7911 1635 3786 4830 7847 4326 1700 1643 5481 8253 
13 9411 5359 409 7226 6985 7684 5274 4468 6315 6050 3558 966 4189 
7 1563 9483 3503 3642 6592 2529 5395 
4 4882 4511 8157 2573 
17 5902 6735 7086 6818 4291 3057 2473 1081 3646 8809 8793 8141 8221 9034 5989 8053 3422 
18 7229 9768 332 9511 6966 4034 3793 8800 8820 6680 8621 6505 9470 7720 6144 2638 2223 1086 
19 4066 8566 326 9634 2651 8367 46 4798 5260 9687 5314 6486 2087 1618 6564 479 9203 9771 9637 
20 6965 3329 4665 4826 4656 2217 7595 843 3946 4784 6391 2063 1850 9661 185 226 5142 7539 9390 316 
10 610 4437 1177 8192 1740 7976 4817 7851 6084 8913 
11 7318 8449 2780 3193 4722 543 4997 5943 3960 3081 995 
16 2429 5818 6307 9586 9819 2482 7535 8257 6416 7689 9361 6353 1818 9293 8002 5573 
17 6633 166 730 9549 1175 4615 1537 9272 6907 880 5117 5098 5595 6690 1258 3922 383 
11 2278 6752 825 9071 8379 7643 5021 1012 7796 2631 2939 
13 2774 4352 1762 9833 4871 3211 5864 731 6509 393 6828 9309 5003 
18 9020 6877 5507 119 4376 1684 7922 531 3215 2602 6932 350 2978 3484 5687 2820 3941 8507 
9 2418 936 1814 6945 850 2427 3063 3576 5311 
5 9291 9974 6296 199 9954 
20 9626 2791 4421 6186 3036 8112 552 3958 4930 7933 2388 6850 8721 5992 8199 471 6230 1404 246 4700 
19 9187 5393 3821 6012 1685 1369 2075 5074 7659 889 8881 331 5468 2029 532 9005 8046 6933 5362 
17 8509 2784 9543 5816 6119 4990 560 97 5700 586 3328 2137 3145 2334 6553 411 6032 
20 4586 8073 9297 9735 3117 3165 508 3499 6838 4014 5155 2526 2740 999 3844 3497 8455 6194 9875 6631 
14 4644 5120 596 5539 908 7508 4921 7918 7090 5705 571 9599 3369 4305 
11 2327 3170 8198 935 5036 4070 7855 5333 1764 3254 1619 
18 4098 3384 8382 9104 9579 5824 3505 1389 3121 5180 8544 453 9269 195 2283 1080 4509 8923 
9 7227 3115 1283 3856 7974 983 3385 5828 8468 
17 6694 9087 4507 6498 2178 1169 5014 6156 9624 3474 1591 7904 9946 4513 5916 446 5718 
20 219 945 1970 8747 1496 907 1583 9075 8560 3981 9089 1368 3550 4845 6204 8317 3878 6347 9663 2822 
7 2176 1292 7898 4692 4316 6176 9914 
16 1815 2426 4349 9657 6034 2585 8938 8245 5768 6452 1964 4097 8286 4923 1691 6889 
13 3008 499 8058 3874 8125 5094 6542 2358 7753 1274 9885 913 5434 
21 5222 9306 9890 7690 6357 9033 2817 6805 6832 8312 9324 1876 6047 7046 2719 7354 7725 6837 1205 4600 8636 
21 8271 6851 3830 1503 1102 3940 1521 9896 4892 6806 3501 5767 806 4382 3010 1806 3670 336 1161 2165 9499 
21 9670 9851 1804 5566 6503 671 6024 5952 2556 8746 21 1720 4032 2789 9616 4684 752 7596 1577 6099 3781 
20 2944 4910 839 1201 9477 9617 7811 5160 2906 7078 3924 6953 7788 6289 6827 3383 5331 51 5435 2862 
22 6361 9685 8224 3921 1863 9610 3802 8737 3609 1896 9837 7726 7949 6866 9029 6130 3379 1990 7023 7261 5269 6944 
12 3321 2054 281 5134 103 9727 5320 3526 8859 5423 7938 4185 
12 3647 8500 7407 8366 6728 1714 7195 1183 3132 7688 2170 9215 
25 8564 8713 3603 6842 9164 4587 6652 4595 177 4792 7150 890 6157 4235 534 7839 3777 6860 6918 9308 1798 7204 6358 6534 3857 
13 7716 5302 8550 4651 5259 2443 8165 8050 1730 5884 5432 2210 5545 
22 113 3029 502 8991 330 8037 2291 8617 2558 1820 6345 4456 8883 7262 4518 8961 4993 6142 4191 8499 8716 3819 
8 6913 6455 1200 7567 2639 2799 8236 2660 
19 6607 3024 565 3783 4035 5815 4045 9641 5619 4074 9884 9583 9162 7377 3523 1661 3189 5459 5443 
14 3168 5746 4717 1166 6775 9593 4459 9212 4925 4240 9069 9887 7395 1951 
15 2313 7451 3129 1843 8059 4652 1355 1346 8667 7392 3428 3150 9331 213 9515 
18 1724 9191 212 5234 9832 4021 3124 7043 4274 9844 2846 6793 37 1953 6600 5037 7676 9311 
16 5402 1852 6536 2442 2927 7386 2661 7808 4699 3901 2898 6134 7755 9085 26 5979 
17 6900 2106 8440 9562 7710 8188 7762 5356 7361 5630 9330 5389 5529 2749 7121 603 7059 
16 2507 271 6125 4613 378 5088 546 3829 7926 8108 7016 9674 7408 1659 7964 758 
11 5343 6786 9944 7572 9625 6825 1246 6869 5707 79 4918 
8 3667 5332 4588 9786 4573 4401 7281 8375 
6 554 9544 5025 854 1676 5903 
18 7088 7224 3200 3885 1627 529 5724 930 9101 2477 8033 8494 7866 3661 2144 5589 3889 8275 
12 8587 9595 4836 5838 1985 377 3271 1736 7328 8704 9206 6311 
2 6418 9459 
18 9698 3160 5554 6029 5240 3537 8030 3315 3421 6910 924 6609 7125 3577 9518 9076 390 2224 
17 8698 4223 2566 9353 5593 2527 3228 4634 6103 6683 3959 6714 985 5118 1928 5836 8138 
6 6780 1973 81 2025 2841 6591 
14 6767 5487 6879 4669 6779 5385 1296 9431 3059 9032 2824 7450 3035 8594 
9 6044 9691 3381 4701 7507 5597 3684 3312 6349 
8 4056 7082 6003 9925 6539 8845 165 1935 
17 2531 3104 4807 1797 3778 821 4965 3752 399 9843 1976 4732 4771 1397 3033 1128 797 
11 3410 328 8784 1500 2041 4914 1565 1725 4397 9441 9287 
9 5881 7346 6744 242 3448 7056 5264 2103 7537 
17 1879 7677 8410 3616 6703 9130 4607 5437 8103 5635 9231 9350 8778 1238 5974 7338 4324 
15 8086 1778 6178 4085 5039 4851 958 9863 7107 968 3001 9332 6934 7989 3836 
19 8189 9274 3462 7085 4297 8110 9897 4775 5101 4550 9006 7560 5577 6528 9699 1347 6448 623 5596 
10 2828 5721 7874 507 6399 454 7806 7842 276 2430 
15 1794 1625 7574 5602 6173 8695 6279 847 9644 7132 2308 6626 2968 8352 5760 
8 7849 5856 4154 656 5799 9737 715 1855 
9 394 1689 4673 7323 506 4645 9381 4989 3225 
7 6269 8774 8434 35 5069 141 2288 
15 6843 8792 448 5662 1152 2954 1117 2977 7781 4950 2553 7029 9417 5544 3664 
6 5027 5654 1527 8464 8194 1817 
17 7709 3849 3073 5892 5779 2464 2831 5557 2921 6114 6581 2494 2027 9398 6011 3140 7215 
20 7188 5060 4848 2056 92 6336 7941 9222 2220 2630 3282 1988 8593 7583 1011 1621 5084 6723 1380 9290 
6 1332 3459 7631 9575 5503 7110 
15 4475 8548 9487 1755 4862 6082 9963 4163 8662 4916 4096 8031 5747 1706 8717 
10 7064 3424 6327 7883 2323 6270 1143 6105 149 5478 
15 8213 8629 8207 9702 767 5835 2374 8819 4251 5575 6174 344 8340 4795 5599 
16 6912 6000 6526 4541 4371 9424 524 953 1396 257 1824 2772 4961 8658 2307 3612 
20 8787 5500 9045 4733 3807 2741 85 8652 8981 3930 8296 9859 7754 8974 3011 3551 1187 2858 6417 443 
14 3697 2520 9805 933 8368 415 4130 4838 8196 9204 5078 5454 7290 2238 
14 4536 4170 7637 9947 1386 1430 871 2115 2191 6861 7743 42 3337 1426 
15 6656 1100 5017 4602 5601 1487 5553 3713 5542 4215 3302 2490 4383 2090 757 
